<?xml version="1.0" encoding="UTF-8"?>
<!-- Generated by org.testng.reporters.JUnitReportReporter -->
<testsuite skipped="0" hostname="DMEDANDA-IN" name="runner.TestRunner" tests="1" failures="0" timestamp="12 May 2020 05:27:37 GMT" time="0.010" errors="0">
  <testcase name="forTesting" time="0.010" classname="runner.TestRunner"/>
</testsuite> <!-- runner.TestRunner -->
